{
  "RSpec": {
    "coverage": {
      "/home/thiago/Projetos/saas_marketplace_api/app/models/user.rb": {
        "lines": [
          1,
          null,
          null,
          1,
          null,
          1,
          1,
          1,
          null,
          1,
          null,
          null,
          null,
          null,
          null,
          1,
          2,
          null,
          null,
          null
        ]
      },
      "/home/thiago/Projetos/saas_marketplace_api/app/models/application_record.rb": {
        "lines": [
          1,
          1,
          null
        ]
      },
      "/home/thiago/Projetos/saas_marketplace_api/app/models/company.rb": {
        "lines": [
          1,
          null
        ]
      },
      "/home/thiago/Projetos/saas_marketplace_api/app/controllers/api/v1/companies_controller.rb": {
        "lines": [
          1,
          1,
          null,
          1,
          1,
          1,
          null,
          1,
          null,
          null,
          null,
          null,
          1,
          null,
          null,
          0,
          null,
          null,
          1,
          null,
          1,
          1,
          1,
          1,
          null,
          1,
          0,
          null,
          null,
          null,
          1,
          1,
          null,
          null
        ]
      },
      "/home/thiago/Projetos/saas_marketplace_api/app/controllers/application_controller.rb": {
        "lines": [
          1,
          null
        ]
      },
      "/home/thiago/Projetos/saas_marketplace_api/app/models/company_user.rb": {
        "lines": [
          1,
          null
        ]
      },
      "/home/thiago/Projetos/saas_marketplace_api/app/channels/application_cable/channel.rb": {
        "lines": [
          0,
          0,
          0,
          0
        ],
        "branches": {
        }
      },
      "/home/thiago/Projetos/saas_marketplace_api/app/channels/application_cable/connection.rb": {
        "lines": [
          0,
          0,
          0,
          0
        ],
        "branches": {
        }
      },
      "/home/thiago/Projetos/saas_marketplace_api/app/controllers/api/v1/graphql_controller.rb": {
        "lines": [
          null,
          0,
          null,
          null,
          null,
          null,
          null,
          0,
          0,
          0,
          0,
          0,
          null,
          null,
          0,
          0,
          0,
          0,
          0,
          0,
          0,
          null,
          0,
          null,
          null,
          0,
          0,
          0,
          0,
          0,
          0,
          0,
          0,
          0,
          0,
          0,
          0,
          0,
          0,
          0,
          0,
          0,
          0,
          null,
          0,
          0,
          0,
          null,
          0,
          0,
          0
        ],
        "branches": {
        }
      },
      "/home/thiago/Projetos/saas_marketplace_api/app/controllers/api/v1/sessions_controller.rb": {
        "lines": [
          0,
          0,
          0,
          null,
          0,
          0,
          0,
          0,
          0,
          0,
          0,
          0,
          0,
          null,
          0,
          null,
          0,
          0,
          0,
          0,
          0,
          null,
          0,
          null,
          0,
          0,
          0,
          null,
          0,
          null,
          0,
          0,
          null,
          0,
          0
        ],
        "branches": {
        }
      },
      "/home/thiago/Projetos/saas_marketplace_api/app/controllers/api/v1/users_controller.rb": {
        "lines": [
          0,
          null,
          0,
          0,
          0,
          null,
          0,
          null,
          null,
          0,
          0,
          0,
          0,
          0,
          0,
          0,
          0,
          0,
          0,
          null,
          0,
          0,
          null,
          0,
          0,
          0,
          null,
          0,
          0,
          0,
          0,
          0,
          null,
          0,
          null,
          0,
          0,
          0,
          null,
          0,
          0,
          null,
          0,
          0,
          null,
          0,
          null,
          0
        ],
        "branches": {
        }
      },
      "/home/thiago/Projetos/saas_marketplace_api/app/graphql/mutations/base_mutation.rb": {
        "lines": [
          null,
          null,
          0,
          0,
          0,
          0,
          0,
          0,
          0,
          0
        ],
        "branches": {
        }
      },
      "/home/thiago/Projetos/saas_marketplace_api/app/graphql/resolvers/base_resolver.rb": {
        "lines": [
          null,
          null,
          0,
          0,
          0,
          0
        ],
        "branches": {
        }
      },
      "/home/thiago/Projetos/saas_marketplace_api/app/graphql/saas_marketplace_api_schema.rb": {
        "lines": [
          null,
          null,
          0,
          0,
          0,
          null,
          null,
          0,
          null,
          null,
          0,
          null,
          null,
          null,
          null,
          0,
          0,
          null,
          null,
          0,
          null,
          null,
          0,
          0,
          null,
          null,
          0,
          null,
          null,
          0,
          null,
          null,
          null,
          null,
          0,
          null,
          0,
          0,
          null,
          null,
          0,
          null,
          0,
          0,
          0
        ],
        "branches": {
        }
      },
      "/home/thiago/Projetos/saas_marketplace_api/app/graphql/types/base_argument.rb": {
        "lines": [
          null,
          null,
          0,
          0,
          0,
          0
        ],
        "branches": {
        }
      },
      "/home/thiago/Projetos/saas_marketplace_api/app/graphql/types/base_connection.rb": {
        "lines": [
          null,
          null,
          0,
          0,
          null,
          0,
          0,
          0
        ],
        "branches": {
        }
      },
      "/home/thiago/Projetos/saas_marketplace_api/app/graphql/types/base_edge.rb": {
        "lines": [
          null,
          null,
          0,
          0,
          null,
          0,
          0,
          0
        ],
        "branches": {
        }
      },
      "/home/thiago/Projetos/saas_marketplace_api/app/graphql/types/base_enum.rb": {
        "lines": [
          null,
          null,
          0,
          0,
          0,
          0
        ],
        "branches": {
        }
      },
      "/home/thiago/Projetos/saas_marketplace_api/app/graphql/types/base_field.rb": {
        "lines": [
          null,
          null,
          0,
          0,
          0,
          0,
          0
        ],
        "branches": {
        }
      },
      "/home/thiago/Projetos/saas_marketplace_api/app/graphql/types/base_input_object.rb": {
        "lines": [
          null,
          null,
          0,
          0,
          0,
          0,
          0
        ],
        "branches": {
        }
      },
      "/home/thiago/Projetos/saas_marketplace_api/app/graphql/types/base_interface.rb": {
        "lines": [
          null,
          null,
          0,
          0,
          0,
          0,
          0,
          null,
          0,
          0,
          0
        ],
        "branches": {
        }
      },
      "/home/thiago/Projetos/saas_marketplace_api/app/graphql/types/base_object.rb": {
        "lines": [
          null,
          null,
          0,
          0,
          0,
          0,
          0,
          0,
          0
        ],
        "branches": {
        }
      },
      "/home/thiago/Projetos/saas_marketplace_api/app/graphql/types/base_scalar.rb": {
        "lines": [
          null,
          null,
          0,
          0,
          0,
          0
        ],
        "branches": {
        }
      },
      "/home/thiago/Projetos/saas_marketplace_api/app/graphql/types/base_union.rb": {
        "lines": [
          null,
          null,
          0,
          0,
          0,
          0,
          0,
          0
        ],
        "branches": {
        }
      },
      "/home/thiago/Projetos/saas_marketplace_api/app/graphql/types/mutation_type.rb": {
        "lines": [
          null,
          null,
          0,
          0,
          null,
          0,
          0,
          0,
          0,
          0,
          0,
          0
        ],
        "branches": {
        }
      },
      "/home/thiago/Projetos/saas_marketplace_api/app/graphql/types/node_type.rb": {
        "lines": [
          null,
          null,
          0,
          0,
          0,
          null,
          0,
          0,
          0
        ],
        "branches": {
        }
      },
      "/home/thiago/Projetos/saas_marketplace_api/app/graphql/types/query_type.rb": {
        "lines": [
          null,
          null,
          0,
          0,
          0,
          0,
          0,
          null,
          0,
          0,
          0,
          null,
          0,
          0,
          0,
          null,
          0,
          0,
          0,
          null,
          null,
          null,
          null,
          null,
          0,
          0,
          0,
          0,
          0,
          0,
          0
        ],
        "branches": {
        }
      },
      "/home/thiago/Projetos/saas_marketplace_api/app/jobs/application_job.rb": {
        "lines": [
          0,
          null,
          null,
          null,
          null,
          null,
          0
        ],
        "branches": {
        }
      },
      "/home/thiago/Projetos/saas_marketplace_api/app/mailers/application_mailer.rb": {
        "lines": [
          0,
          0,
          0,
          0
        ],
        "branches": {
        }
      }
    },
    "timestamp": 1738807080
  }
}
